CBMC version 5.4 64-bit x86_64 linux
Parsing examples/_cs_fail.c
<command-line>: warning: "__STDC_VERSION__" redefined
<built-in>: note: this is the location of the previous definition
Converting
Type-checking _cs_fail
file examples/_cs_fail.c line 105 function __cs_init_scalar: function `malloc' is not declared
file examples/_cs_fail.c line 379 function main_thread: function `assert' is not declared
Generating GOTO Program
Adding CPROVER library (x86_64)
Function Pointer Removal
Partial Inlining
Generic Property Instrumentation
Starting Bounded Model Checking
size of program expression: 95 steps
simple slicing removed 14 assignments
Generated 2 VCC(s), 2 remaining after simplification
Passing problem to propositional reduction
converting SSA
Running propositional reduction
Post-processing
Solving with MiniSAT 2.2.1 with simplifier
59 variables, 57 clauses
SAT checker: instance is SATISFIABLE
Runtime decision procedure: 0s
Building error trace

Counterexample:

State 28 file examples/_cs_fail.c line 401 function main thread 0
----------------------------------------------------
  __cs_thread_index=0 (0)

State 29 file examples/_cs_fail.c line 403 function main thread 0
----------------------------------------------------
  __cs_tmp_t0_r0=1 (1)

State 30 file examples/_cs_fail.c line 405 function main thread 0
----------------------------------------------------
  __cs_pc_cs[0]=1 (01)

Violated property:
  file examples/_cs_fail.c line 379 function main_thread
  assertion 0
  (_Bool)0

VERIFICATION FAILED
