CBMC version 5.4 64-bit x86_64 linux
Parsing examples/_cs_lazy_unsafe.c
<command-line>: warning: "__STDC_VERSION__" redefined
<built-in>: note: this is the location of the previous definition
Converting
Type-checking _cs_lazy_unsafe
file examples/_cs_lazy_unsafe.c line 106 function __cs_init_scalar: function `malloc' is not declared
Generating GOTO Program
Adding CPROVER library (x86_64)
<command-line>: warning: "__STDC_VERSION__" redefined
<built-in>: note: this is the location of the previous definition
warning: implicit function declaration "malloc"
old definition in module _cs_lazy_unsafe file examples/_cs_lazy_unsafe.c line 106 function __cs_init_scalar
void * (void)
new definition in module <built-in-library> file <builtin-library-malloc> line 4
void * (unsigned long int malloc_size)

Function Pointer Removal
Partial Inlining
Generic Property Instrumentation
Starting Bounded Model Checking
size of program expression: 612 steps
simple slicing removed 222 assignments
Generated 1 VCC(s), 1 remaining after simplification
Passing problem to propositional reduction
converting SSA
Running propositional reduction
Post-processing
Solving with MiniSAT 2.2.1 with simplifier
1996 variables, 5065 clauses
SAT checker: instance is SATISFIABLE
Runtime decision procedure: 0.003s
Building error trace

Counterexample:

State 34 file examples/_cs_lazy_unsafe.c line 545 function main thread 0
----------------------------------------------------
  __cs_thread_index=0 (000)

State 35 file examples/_cs_lazy_unsafe.c line 547 function main thread 0
----------------------------------------------------
  __cs_tmp_t0_r0=3 (011)

State 36 file examples/_cs_lazy_unsafe.c line 549 function main thread 0
----------------------------------------------------
  __cs_pc_cs[0]=3 (0011)

State 44 file examples/_cs_lazy_unsafe.c line 489 function main_thread thread 0
----------------------------------------------------
  __cs_m=&m (0000001000000000000000000000000000000000000000000000000000000000)

State 45 file examples/_cs_lazy_unsafe.c line 489 function main_thread thread 0
----------------------------------------------------
  __cs_val=((int *)NULL) (0000000000000000000000000000000000000000000000000000000000000000)

State 46 file examples/_cs_lazy_unsafe.c line 181 function pthread_mutex_init thread 0
----------------------------------------------------
  m=-1 (11111111111111111111111111111111)

State 51 file examples/_cs_lazy_unsafe.c line 492 function main_thread thread 0
----------------------------------------------------
  __cs_var=&__cs_local_main_t1 (0000001100000000000000000000000000000000000000000000000000000000)

State 52 file examples/_cs_lazy_unsafe.c line 492 function main_thread thread 0
----------------------------------------------------
  __cs_size=4 (00000000000000000000000000000100)

State 54 file examples/_cs_lazy_unsafe.c line 101 function __cs_init_scalar thread 0
----------------------------------------------------
  __cs_local_main_t1=0 (00000000000000000000000000000000)

State 59 file examples/_cs_lazy_unsafe.c line 495 function main_thread thread 0
----------------------------------------------------
  __cs_var=&__cs_local_main_t2 (0000010000000000000000000000000000000000000000000000000000000000)

State 60 file examples/_cs_lazy_unsafe.c line 495 function main_thread thread 0
----------------------------------------------------
  __cs_size=4 (00000000000000000000000000000100)

State 62 file examples/_cs_lazy_unsafe.c line 101 function __cs_init_scalar thread 0
----------------------------------------------------
  __cs_local_main_t2=0 (00000000000000000000000000000000)

State 67 file examples/_cs_lazy_unsafe.c line 498 function main_thread thread 0
----------------------------------------------------
  __cs_var=&__cs_local_main_t3 (0000010100000000000000000000000000000000000000000000000000000000)

State 68 file examples/_cs_lazy_unsafe.c line 498 function main_thread thread 0
----------------------------------------------------
  __cs_size=4 (00000000000000000000000000000100)

State 70 file examples/_cs_lazy_unsafe.c line 101 function __cs_init_scalar thread 0
----------------------------------------------------
  __cs_local_main_t3=0 (00000000000000000000000000000000)

State 75 file examples/_cs_lazy_unsafe.c line 500 function main_thread thread 0
----------------------------------------------------
  __cs_new_thread_id=&__cs_local_main_t1 (0000001100000000000000000000000000000000000000000000000000000000)

State 76 file examples/_cs_lazy_unsafe.c line 500 function main_thread thread 0
----------------------------------------------------
  __cs_attr=NULL (0000000000000000000000000000000000000000000000000000000000000000)

State 77 file examples/_cs_lazy_unsafe.c line 500 function main_thread thread 0
----------------------------------------------------
  __cs_func=thread1_0 (0000011000000000000000000000000000000000000000000000000000000000)

State 78 file examples/_cs_lazy_unsafe.c line 500 function main_thread thread 0
----------------------------------------------------
  __cs_arg=NULL (0000000000000000000000000000000000000000000000000000000000000000)

State 79 file examples/_cs_lazy_unsafe.c line 500 function main_thread thread 0
----------------------------------------------------
  __cs_threadID=1 (00000000000000000000000000000001)

State 81 file examples/_cs_lazy_unsafe.c line 135 function pthread_create_2 thread 0
----------------------------------------------------
  __cs_local_main_t1=1 (00000000000000000000000000000001)

State 82 file examples/_cs_lazy_unsafe.c line 137 function pthread_create_2 thread 0
----------------------------------------------------
  __cs_active_thread[1]=1 (1)

State 83 file examples/_cs_lazy_unsafe.c line 139 function pthread_create_2 thread 0
----------------------------------------------------
  __cs_threadargs[1]=NULL (0000000000000000000000000000000000000000000000000000000000000000)

State 86 file examples/_cs_lazy_unsafe.c line 141 function pthread_create_2 thread 0
----------------------------------------------------
  __cs_message="thread spawned" (0000011100000000000000000000000000000000000000000000000000000000)

State 93 file examples/_cs_lazy_unsafe.c line 504 function main_thread thread 0
----------------------------------------------------
  __cs_new_thread_id=&__cs_local_main_t2 (0000010000000000000000000000000000000000000000000000000000000000)

State 94 file examples/_cs_lazy_unsafe.c line 504 function main_thread thread 0
----------------------------------------------------
  __cs_attr=NULL (0000000000000000000000000000000000000000000000000000000000000000)

State 95 file examples/_cs_lazy_unsafe.c line 504 function main_thread thread 0
----------------------------------------------------
  __cs_func=thread2_0 (0000100000000000000000000000000000000000000000000000000000000000)

State 96 file examples/_cs_lazy_unsafe.c line 504 function main_thread thread 0
----------------------------------------------------
  __cs_arg=NULL (0000000000000000000000000000000000000000000000000000000000000000)

State 97 file examples/_cs_lazy_unsafe.c line 504 function main_thread thread 0
----------------------------------------------------
  __cs_threadID=2 (00000000000000000000000000000010)

State 99 file examples/_cs_lazy_unsafe.c line 135 function pthread_create_2 thread 0
----------------------------------------------------
  __cs_local_main_t2=2 (00000000000000000000000000000010)

State 100 file examples/_cs_lazy_unsafe.c line 137 function pthread_create_2 thread 0
----------------------------------------------------
  __cs_active_thread[2]=1 (1)

State 101 file examples/_cs_lazy_unsafe.c line 139 function pthread_create_2 thread 0
----------------------------------------------------
  __cs_threadargs[2]=NULL (0000000000000000000000000000000000000000000000000000000000000000)

State 104 file examples/_cs_lazy_unsafe.c line 141 function pthread_create_2 thread 0
----------------------------------------------------
  __cs_message="thread spawned" (0000011100000000000000000000000000000000000000000000000000000000)

State 111 file examples/_cs_lazy_unsafe.c line 508 function main_thread thread 0
----------------------------------------------------
  __cs_new_thread_id=&__cs_local_main_t3 (0000010100000000000000000000000000000000000000000000000000000000)

State 112 file examples/_cs_lazy_unsafe.c line 508 function main_thread thread 0
----------------------------------------------------
  __cs_attr=NULL (0000000000000000000000000000000000000000000000000000000000000000)

State 113 file examples/_cs_lazy_unsafe.c line 508 function main_thread thread 0
----------------------------------------------------
  __cs_func=thread3_0 (0000100100000000000000000000000000000000000000000000000000000000)

State 114 file examples/_cs_lazy_unsafe.c line 508 function main_thread thread 0
----------------------------------------------------
  __cs_arg=NULL (0000000000000000000000000000000000000000000000000000000000000000)

State 115 file examples/_cs_lazy_unsafe.c line 508 function main_thread thread 0
----------------------------------------------------
  __cs_threadID=3 (00000000000000000000000000000011)

State 117 file examples/_cs_lazy_unsafe.c line 135 function pthread_create_2 thread 0
----------------------------------------------------
  __cs_local_main_t3=3 (00000000000000000000000000000011)

State 118 file examples/_cs_lazy_unsafe.c line 137 function pthread_create_2 thread 0
----------------------------------------------------
  __cs_active_thread[3]=1 (1)

State 119 file examples/_cs_lazy_unsafe.c line 139 function pthread_create_2 thread 0
----------------------------------------------------
  __cs_threadargs[3]=NULL (0000000000000000000000000000000000000000000000000000000000000000)

State 122 file examples/_cs_lazy_unsafe.c line 141 function pthread_create_2 thread 0
----------------------------------------------------
  __cs_message="thread spawned" (0000011100000000000000000000000000000000000000000000000000000000)

State 131 file examples/_cs_lazy_unsafe.c line 534 function main_thread thread 0
----------------------------------------------------
  __cs_value_ptr=NULL (0000000000000000000000000000000000000000000000000000000000000000)

State 136 file examples/_cs_lazy_unsafe.c line 557 function main thread 0
----------------------------------------------------
  __cs_pc[0]=3 (011)

State 137 file examples/_cs_lazy_unsafe.c line 561 function main thread 0
----------------------------------------------------
  __cs_tmp_t1_r0=3 (11)

State 139 file examples/_cs_lazy_unsafe.c line 566 function main thread 0
----------------------------------------------------
  __cs_thread_index=1 (001)

State 140 file examples/_cs_lazy_unsafe.c line 568 function main thread 0
----------------------------------------------------
  __cs_pc_cs[1]=3 (0011)

State 144 file examples/_cs_lazy_unsafe.c line 572 function main thread 0
----------------------------------------------------
  __cs_param_thread1_arg=NULL (0000000000000000000000000000000000000000000000000000000000000000)

State 148 file examples/_cs_lazy_unsafe.c line 387 function thread1_0 thread 0
----------------------------------------------------
  __cs_mutex_to_lock=&m (0000001000000000000000000000000000000000000000000000000000000000)

State 150 file examples/_cs_lazy_unsafe.c line 203 function pthread_mutex_lock thread 0
----------------------------------------------------
  m=2 (00000000000000000000000000000010)

State 153 file examples/_cs_lazy_unsafe.c line 205 function pthread_mutex_lock thread 0
----------------------------------------------------
  __cs_message="lock acquired" (0000101000000000000000000000000000000000000000000000000000000000)

State 158 file examples/_cs_lazy_unsafe.c line 391 function thread1_0 thread 0
----------------------------------------------------
  data=1 (00000000000000000000000000000001)

State 162 file examples/_cs_lazy_unsafe.c line 395 function thread1_0 thread 0
----------------------------------------------------
  __cs_mutex_to_unlock=&m (0000001000000000000000000000000000000000000000000000000000000000)

State 164 file examples/_cs_lazy_unsafe.c line 216 function pthread_mutex_unlock thread 0
----------------------------------------------------
  m=-1 (11111111111111111111111111111111)

State 167 file examples/_cs_lazy_unsafe.c line 218 function pthread_mutex_unlock thread 0
----------------------------------------------------
  __cs_message="lock released" (0000101100000000000000000000000000000000000000000000000000000000)

State 174 file examples/_cs_lazy_unsafe.c line 406 function thread1_0 thread 0
----------------------------------------------------
  __cs_value_ptr=NULL (0000000000000000000000000000000000000000000000000000000000000000)

State 179 file examples/_cs_lazy_unsafe.c line 574 function main thread 0
----------------------------------------------------
  __cs_pc[1]=3 (011)

State 180 file examples/_cs_lazy_unsafe.c line 580 function main thread 0
----------------------------------------------------
  __cs_tmp_t2_r0=3 (11)

State 182 file examples/_cs_lazy_unsafe.c line 585 function main thread 0
----------------------------------------------------
  __cs_thread_index=2 (010)

State 183 file examples/_cs_lazy_unsafe.c line 587 function main thread 0
----------------------------------------------------
  __cs_pc_cs[2]=3 (0011)

State 187 file examples/_cs_lazy_unsafe.c line 591 function main thread 0
----------------------------------------------------
  __cs_param_thread2_arg=NULL (0000000000000000000000000000000000000000000000000000000000000000)

State 191 file examples/_cs_lazy_unsafe.c line 416 function thread2_0 thread 0
----------------------------------------------------
  __cs_mutex_to_lock=&m (0000001000000000000000000000000000000000000000000000000000000000)

State 193 file examples/_cs_lazy_unsafe.c line 203 function pthread_mutex_lock thread 0
----------------------------------------------------
  m=3 (00000000000000000000000000000011)

State 196 file examples/_cs_lazy_unsafe.c line 205 function pthread_mutex_lock thread 0
----------------------------------------------------
  __cs_message="lock acquired" (0000101000000000000000000000000000000000000000000000000000000000)

State 201 file examples/_cs_lazy_unsafe.c line 420 function thread2_0 thread 0
----------------------------------------------------
  data=3 (00000000000000000000000000000011)

State 205 file examples/_cs_lazy_unsafe.c line 424 function thread2_0 thread 0
----------------------------------------------------
  __cs_mutex_to_unlock=&m (0000001000000000000000000000000000000000000000000000000000000000)

State 207 file examples/_cs_lazy_unsafe.c line 216 function pthread_mutex_unlock thread 0
----------------------------------------------------
  m=-1 (11111111111111111111111111111111)

State 210 file examples/_cs_lazy_unsafe.c line 218 function pthread_mutex_unlock thread 0
----------------------------------------------------
  __cs_message="lock released" (0000101100000000000000000000000000000000000000000000000000000000)

State 217 file examples/_cs_lazy_unsafe.c line 435 function thread2_0 thread 0
----------------------------------------------------
  __cs_value_ptr=NULL (0000000000000000000000000000000000000000000000000000000000000000)

State 222 file examples/_cs_lazy_unsafe.c line 593 function main thread 0
----------------------------------------------------
  __cs_pc[2]=3 (011)

State 223 file examples/_cs_lazy_unsafe.c line 599 function main thread 0
----------------------------------------------------
  __cs_tmp_t3_r0=3 (11)

State 225 file examples/_cs_lazy_unsafe.c line 604 function main thread 0
----------------------------------------------------
  __cs_thread_index=3 (011)

State 226 file examples/_cs_lazy_unsafe.c line 606 function main thread 0
----------------------------------------------------
  __cs_pc_cs[3]=3 (0011)

State 230 file examples/_cs_lazy_unsafe.c line 610 function main thread 0
----------------------------------------------------
  __cs_param_thread3_arg=NULL (0000000000000000000000000000000000000000000000000000000000000000)

State 234 file examples/_cs_lazy_unsafe.c line 445 function thread3_0 thread 0
----------------------------------------------------
  __cs_mutex_to_lock=&m (0000001000000000000000000000000000000000000000000000000000000000)

State 236 file examples/_cs_lazy_unsafe.c line 203 function pthread_mutex_lock thread 0
----------------------------------------------------
  m=4 (00000000000000000000000000000100)

State 239 file examples/_cs_lazy_unsafe.c line 205 function pthread_mutex_lock thread 0
----------------------------------------------------
  __cs_message="lock acquired" (0000101000000000000000000000000000000000000000000000000000000000)

State 244 file examples/_cs_lazy_unsafe.c line 451 function thread3_0 thread 0
----------------------------------------------------
  __cs_local_thread3___cs_tmp_if_cond_0=TRUE (00000001)

Violated property:
  file examples/_cs_lazy_unsafe.c line 457 function thread3_0
  assertion
  FALSE

VERIFICATION FAILED
